<?xml version="1.0" encoding="UTF-8"?>
<testsuite name="powerpackage.PowerTest" tests="4" skipped="0" failures="0" errors="0" timestamp="2024-12-24T06:21:56" hostname="DESKTOP-JRKB50C" time="0.034">
  <properties/>
  <testcase name="oneRaisedToOneIsOne()" classname="powerpackage.PowerTest" time="0.024"/>
  <testcase name="twoRaisedToOneIsTwo()" classname="powerpackage.PowerTest" time="0.002"/>
  <testcase name="twoPowerTwoIsFour()" classname="powerpackage.PowerTest" time="0.001"/>
  <testcase name="threePowerTwoIsNine()" classname="powerpackage.PowerTest" time="0.002"/>
  <system-out><![CDATA[]]></system-out>
  <system-err><![CDATA[]]></system-err>
</testsuite>
